[20-03-2026 02:54:47 PM] DispatcherUnhandledException: System.InvalidOperationException: '#FF2DD4BF' is not a valid value for property 'Color'.
   at System.Windows.DependencyObject.GetEffectiveValue(EntryIndex entryIndex, DependencyProperty dp, RequestFlags requests)
   at System.Windows.DependencyObject.GetValueEntry(EntryIndex entryIndex, DependencyProperty dp, PropertyMetadata metadata, RequestFlags requests)
   at System.Windows.DependencyObject.GetValue(DependencyProperty dp)
   at System.Windows.Media.SolidColorBrush.get_Color()
   at System.Windows.Media.SolidColorBrush.UpdateResource(Channel channel, Boolean skipOnChannelCheck)
   at System.Windows.Media.Brush.System.Windows.Media.Composition.DUCE.IResource.AddRefOnChannel(Channel channel)
   at System.Windows.Media.RenderData.System.Windows.Media.Composition.DUCE.IResource.AddRefOnChannel(Channel channel)
   at System.Windows.UIElement.RenderContent(RenderContext ctx, Boolean isOnChannel)
   at System.Windows.Media.Visual.RenderRecursive(RenderContext ctx)
   at System.Windows.Media.Visual.UpdateChildren(RenderContext ctx, ResourceHandle handle)
   at System.Windows.Media.Visual.RenderRecursive(RenderContext ctx)
   at System.Windows.Media.Visual.UpdateChildren(RenderContext ctx, ResourceHandle handle)
   at System.Windows.Media.Visual.RenderRecursive(RenderContext ctx)
   at System.Windows.Media.Visual.UpdateChildren(RenderContext ctx, ResourceHandle handle)
   at System.Windows.Media.Visual.RenderRecursive(RenderContext ctx)
   at System.Windows.Media.Visual.UpdateChildren(RenderContext ctx, ResourceHandle handle)
   at System.Windows.Media.Visual.RenderRecursive(RenderContext ctx)
   at System.Windows.Media.Visual.UpdateChildren(RenderContext ctx, ResourceHandle handle)
   at System.Windows.Media.Visual.RenderRecursive(RenderContext ctx)
   at System.Windows.Media.Visual.UpdateChildren(RenderContext ctx, ResourceHandle handle)
   at System.Windows.Media.Visual.RenderRecursive(RenderContext ctx)
   at System.Windows.Media.Visual.UpdateChildren(RenderContext ctx, ResourceHandle handle)
   at System.Windows.Media.Visual.RenderRecursive(RenderContext ctx)
   at System.Windows.Media.Visual.UpdateChildren(RenderContext ctx, ResourceHandle handle)
   at System.Windows.Media.Visual.RenderRecursive(RenderContext ctx)
   at System.Windows.Media.Visual.UpdateChildren(RenderContext ctx, ResourceHandle handle)
   at System.Windows.Media.Visual.RenderRecursive(RenderContext ctx)
   at System.Windows.Media.Visual.UpdateChildren(RenderContext ctx, ResourceHandle handle)
   at System.Windows.Media.Visual.RenderRecursive(RenderContext ctx)
   at System.Windows.Media.Visual.UpdateChildren(RenderContext ctx, ResourceHandle handle)
   at System.Windows.Media.Visual.RenderRecursive(RenderContext ctx)
   at System.Windows.Media.Visual.UpdateChildren(RenderContext ctx, ResourceHandle handle)
   at System.Windows.Media.Visual.RenderRecursive(RenderContext ctx)
   at System.Windows.Media.Visual.UpdateChildren(RenderContext ctx, ResourceHandle handle)
   at System.Windows.Media.Visual.RenderRecursive(RenderContext ctx)
   at System.Windows.Media.Visual.UpdateChildren(RenderContext ctx, ResourceHandle handle)
   at System.Windows.Media.Visual.RenderRecursive(RenderContext ctx)
   at System.Windows.Media.Visual.UpdateChildren(RenderContext ctx, ResourceHandle handle)
   at System.Windows.Media.Visual.RenderRecursive(RenderContext ctx)
   at System.Windows.Media.Visual.UpdateChildren(RenderContext ctx, ResourceHandle handle)
   at System.Windows.Media.Visual.RenderRecursive(RenderContext ctx)
   at System.Windows.Media.Visual.UpdateChildren(RenderContext ctx, ResourceHandle handle)
   at System.Windows.Media.Visual.RenderRecursive(RenderContext ctx)
   at System.Windows.Media.Visual.UpdateChildren(RenderContext ctx, ResourceHandle handle)
   at System.Windows.Media.Visual.RenderRecursive(RenderContext ctx)
   at System.Windows.Media.Visual.UpdateChildren(RenderContext ctx, ResourceHandle handle)
   at System.Windows.Media.Visual.RenderRecursive(RenderContext ctx)
   at System.Windows.Media.Visual.UpdateChildren(RenderContext ctx, ResourceHandle handle)
   at System.Windows.Media.Visual.RenderRecursive(RenderContext ctx)
   at System.Windows.Media.Visual.UpdateChildren(RenderContext ctx, ResourceHandle handle)
   at System.Windows.Media.Visual.RenderRecursive(RenderContext ctx)
   at System.Windows.Media.Visual.UpdateChildren(RenderContext ctx, ResourceHandle handle)
   at System.Windows.Media.Visual.RenderRecursive(RenderContext ctx)
   at System.Windows.Media.MediaContext.Render(ICompositionTarget resizedCompositionTarget)
   at System.Windows.Media.MediaContext.RenderMessageHandlerCore(Object resizedCompositionTarget)
   at System.Windows.Media.MediaContext.RenderMessageHandler(Object resizedCompositionTarget)
   at System.Windows.Threading.ExceptionWrapper.InternalRealCall(Delegate callback, Object args, Int32 numArgs)
   at System.Windows.Threading.ExceptionWrapper.TryCatchWhen(Object source, Delegate callback, Object args, Int32 numArgs, Delegate catchHandler)

[20-03-2026 04:43:50 PM] DispatcherUnhandledException: System.InvalidOperationException: Unable to resolve service for type 'Acczite20.Services.Sync.ISyncLockProvider' while attempting to activate 'Acczite20.Services.Sync.TallySyncOrchestrator'.
   at Microsoft.Extensions.DependencyInjection.ServiceLookup.CallSiteFactory.CreateArgumentCallSites(ServiceIdentifier serviceIdentifier, Type implementationType, CallSiteChain callSiteChain, ParameterInfo[] parameters, Boolean throwIfCallSiteNotFound)
   at Microsoft.Extensions.DependencyInjection.ServiceLookup.CallSiteFactory.CreateConstructorCallSite(ResultCache lifetime, ServiceIdentifier serviceIdentifier, Type implementationType, CallSiteChain callSiteChain)
   at Microsoft.Extensions.DependencyInjection.ServiceLookup.CallSiteFactory.TryCreateExact(ServiceDescriptor descriptor, ServiceIdentifier serviceIdentifier, CallSiteChain callSiteChain, Int32 slot)
   at Microsoft.Extensions.DependencyInjection.ServiceLookup.CallSiteFactory.TryCreateExact(ServiceIdentifier serviceIdentifier, CallSiteChain callSiteChain)
   at Microsoft.Extensions.DependencyInjection.ServiceLookup.CallSiteFactory.CreateCallSite(ServiceIdentifier serviceIdentifier, CallSiteChain callSiteChain)
   at Microsoft.Extensions.DependencyInjection.ServiceLookup.CallSiteFactory.GetCallSite(ServiceIdentifier serviceIdentifier, CallSiteChain callSiteChain)
   at Microsoft.Extensions.DependencyInjection.ServiceProvider.CreateServiceAccessor(ServiceIdentifier serviceIdentifier)
   at System.Collections.Concurrent.ConcurrentDictionary`2.GetOrAdd(TKey key, Func`2 valueFactory)
   at Microsoft.Extensions.DependencyInjection.ServiceProvider.GetService(ServiceIdentifier serviceIdentifier, ServiceProviderEngineScope serviceProviderEngineScope)
   at Microsoft.Extensions.DependencyInjection.ServiceProvider.GetService(Type serviceType)
   at Microsoft.Extensions.DependencyInjection.ServiceProviderServiceExtensions.GetRequiredService(IServiceProvider provider, Type serviceType)
   at Microsoft.Extensions.DependencyInjection.ServiceProviderServiceExtensions.GetRequiredService[T](IServiceProvider provider)
   at Acczite20.Views.Pages.TallyExecutePage..ctor(List`1 selectedTables, List`1 selectedFields, INavigationService navigationService) in C:\Users\OM WAGH\source\repos\Acczite20\Views\Pages\TallyExecutePage.xaml.cs:line 36
   at Acczite20.Views.Pages.TallySyncPage.Next_Click(Object sender, RoutedEventArgs e) in C:\Users\OM WAGH\source\repos\Acczite20\Views\Pages\TallySyncPage.xaml.cs:line 369
   at System.Windows.EventRoute.InvokeHandlersImpl(Object source, RoutedEventArgs args, Boolean reRaised)
   at System.Windows.UIElement.RaiseEventImpl(DependencyObject sender, RoutedEventArgs args)
   at System.Windows.Controls.Primitives.ButtonBase.OnClick()
   at System.Windows.Controls.Button.OnClick()
   at System.Windows.Controls.Primitives.ButtonBase.OnMouseLeftButtonUp(MouseButtonEventArgs e)
   at System.Windows.RoutedEventArgs.InvokeHandler(Delegate handler, Object target)
   at System.Windows.EventRoute.InvokeHandlersImpl(Object source, RoutedEventArgs args, Boolean reRaised)
   at System.Windows.UIElement.ReRaiseEventAs(DependencyObject sender, RoutedEventArgs args, RoutedEvent newEvent)
   at System.Windows.RoutedEventArgs.InvokeHandler(Delegate handler, Object target)
   at System.Windows.EventRoute.InvokeHandlersImpl(Object source, RoutedEventArgs args, Boolean reRaised)
   at System.Windows.UIElement.RaiseEventImpl(DependencyObject sender, RoutedEventArgs args)
   at System.Windows.UIElement.RaiseTrustedEvent(RoutedEventArgs args)
   at System.Windows.Input.InputManager.ProcessStagingArea()
   at System.Windows.Interop.HwndMouseInputProvider.ReportInput(IntPtr hwnd, InputMode mode, Int32 timestamp, RawMouseActions actions, Int32 x, Int32 y, Int32 wheel)
   at System.Windows.Interop.HwndMouseInputProvider.FilterMessage(IntPtr hwnd, WindowMessage msg, IntPtr wParam, IntPtr lParam, Boolean& handled)
   at System.Windows.Interop.HwndSource.InputFilterMessage(IntPtr hwnd, Int32 msg, IntPtr wParam, IntPtr lParam, Boolean& handled)
   at MS.Win32.HwndWrapper.WndProc(IntPtr hwnd, Int32 msg, IntPtr wParam, IntPtr lParam, Boolean& handled)
   at System.Windows.Threading.ExceptionWrapper.InternalRealCall(Delegate callback, Object args, Int32 numArgs)
   at System.Windows.Threading.ExceptionWrapper.TryCatchWhen(Object source, Delegate callback, Object args, Int32 numArgs, Delegate catchHandler)

[26-03-2026 11:27:08] UnobservedTaskException: System.AggregateException: A Task's exception(s) were not observed either by Waiting on the Task or accessing its Exception property. As a result, the unobserved exception was rethrown by the finalizer thread. (Unable to read data from the transport connection: An existing connection was forcibly closed by the remote host..)
 ---> System.IO.IOException: Unable to read data from the transport connection: An existing connection was forcibly closed by the remote host..
 ---> System.Net.Sockets.SocketException (10054): An existing connection was forcibly closed by the remote host.
   at System.Net.Sockets.Socket.AwaitableSocketAsyncEventArgs.CreateException(SocketError error, Boolean forAsyncThrow)
   at System.Net.Sockets.Socket.AwaitableSocketAsyncEventArgs.ReceiveAsync(Socket socket, CancellationToken cancellationToken)
   at System.Net.Sockets.Socket.ReceiveAsync(Memory`1 buffer, SocketFlags socketFlags, Boolean fromNetworkStream, CancellationToken cancellationToken)
   at System.Net.Sockets.NetworkStream.ReadAsync(Memory`1 buffer, CancellationToken cancellationToken)
   at System.Net.Http.HttpConnection.PrepareForReuse(Boolean async)
   at System.Net.Http.HttpConnectionPool.TryGetPooledHttp11Connection(HttpRequestMessage request, Boolean async, HttpConnection& connection, HttpConnectionWaiter`1& waiter)
   at System.Net.Http.HttpConnectionPool.SendWithVersionDetectionAndRetryAsync(HttpRequestMessage request, Boolean async, Boolean doRequestAuth, CancellationToken cancellationToken)
   at System.Runtime.CompilerServices.AsyncMethodBuilderCore.Start[TStateMachine](TStateMachine& stateMachine)
   at System.Net.Http.HttpConnectionPool.SendWithVersionDetectionAndRetryAsync(HttpRequestMessage request, Boolean async, Boolean doRequestAuth, CancellationToken cancellationToken)
   at System.Net.Http.HttpConnectionPool.SendAsync(HttpRequestMessage request, Boolean async, Boolean doRequestAuth, CancellationToken cancellationToken)
   at System.Net.Http.HttpConnectionPoolManager.SendAsyncCore(HttpRequestMessage request, Uri proxyUri, Boolean async, Boolean doRequestAuth, Boolean isProxyConnect, CancellationToken cancellationToken)
   at System.Net.Http.HttpConnectionPoolManager.SendAsync(HttpRequestMessage request, Boolean async, Boolean doRequestAuth, CancellationToken cancellationToken)
   at System.Net.Http.HttpConnectionHandler.SendAsync(HttpRequestMessage request, Boolean async, CancellationToken cancellationToken)
   at System.Net.Http.HttpMessageHandlerStage.SendAsync(HttpRequestMessage request, CancellationToken cancellationToken)
   at System.Net.Http.DiagnosticsHandler.SendAsync(HttpRequestMessage request, Boolean async, CancellationToken cancellationToken)
   at System.Net.Http.HttpMessageHandlerStage.SendAsync(HttpRequestMessage request, CancellationToken cancellationToken)
   at System.Net.Http.Metrics.MetricsHandler.SendAsync(HttpRequestMessage request, Boolean async, CancellationToken cancellationToken)
   at System.Net.Http.RedirectHandler.SendAsync(HttpRequestMessage request, Boolean async, CancellationToken cancellationToken)
   at System.Runtime.CompilerServices.AsyncMethodBuilderCore.Start[TStateMachine](TStateMachine& stateMachine)
   at System.Net.Http.RedirectHandler.SendAsync(HttpRequestMessage request, Boolean async, CancellationToken cancellationToken)
   at System.Net.Http.SocketsHttpHandler.SendAsync(HttpRequestMessage request, CancellationToken cancellationToken)
   at System.Net.Http.HttpClient.<SendAsync>g__Core|83_0(HttpRequestMessage request, HttpCompletionOption completionOption, CancellationTokenSource cts, Boolean disposeCts, CancellationTokenSource pendingRequestsCts, CancellationToken originalCancellationToken)
   at System.Runtime.CompilerServices.AsyncMethodBuilderCore.Start[TStateMachine](TStateMachine& stateMachine)
   at System.Net.Http.HttpClient.<SendAsync>g__Core|83_0(HttpRequestMessage request, HttpCompletionOption completionOption, CancellationTokenSource cts, Boolean disposeCts, CancellationTokenSource pendingRequestsCts, CancellationToken originalCancellationToken)
   at System.Net.Http.HttpClient.SendAsync(HttpRequestMessage request, HttpCompletionOption completionOption, CancellationToken cancellationToken)
   at Acczite20.Services.TallyXmlService.SendEnvelopeAsync(String envelope) in C:\vaibhav\tallyAcczite\Services\TallyXmlService.cs:line 1191
   at System.Runtime.CompilerServices.AsyncTaskMethodBuilder`1.AsyncStateMachineBox`1.ExecutionContextCallback(Object s)
   at System.Threading.ExecutionContext.RunInternal(ExecutionContext executionContext, ContextCallback callback, Object state)
   at System.Runtime.CompilerServices.AsyncTaskMethodBuilder`1.AsyncStateMachineBox`1.MoveNext(Thread threadPoolThread)
   at System.Windows.Threading.ExceptionWrapper.InternalRealCall(Delegate callback, Object args, Int32 numArgs)
   at System.Windows.Threading.ExceptionWrapper.TryCatchWhen(Object source, Delegate callback, Object args, Int32 numArgs, Delegate catchHandler)
   at System.Windows.Threading.DispatcherOperation.InvokeImpl()
   at MS.Internal.CulturePreservingExecutionContext.CallbackWrapper(Object obj)
   at System.Threading.ExecutionContext.RunInternal(ExecutionContext executionContext, ContextCallback callback, Object state)
   at MS.Internal.CulturePreservingExecutionContext.Run(CulturePreservingExecutionContext executionContext, ContextCallback callback, Object state)
   at System.Windows.Threading.DispatcherOperation.Invoke()
   at System.Windows.Threading.Dispatcher.ProcessQueue()
   at System.Windows.Threading.Dispatcher.WndProcHook(IntPtr hwnd, Int32 msg, IntPtr wParam, IntPtr lParam, Boolean& handled)
   at System.Windows.Threading.ExceptionWrapper.InternalRealCall(Delegate callback, Object args, Int32 numArgs)
   at System.Windows.Threading.ExceptionWrapper.TryCatchWhen(Object source, Delegate callback, Object args, Int32 numArgs, Delegate catchHandler)
   at System.Windows.Threading.Dispatcher.LegacyInvokeImpl(DispatcherPriority priority, TimeSpan timeout, Delegate method, Object args, Int32 numArgs)
   at MS.Win32.HwndSubclass.SubclassWndProc(IntPtr hwnd, Int32 msg, IntPtr wParam, IntPtr lParam)
   at MS.Win32.UnsafeNativeMethods.DispatchMessage(MSG& msg)
   at MS.Win32.UnsafeNativeMethods.DispatchMessage(MSG& msg)
   at System.Windows.Threading.Dispatcher.PushFrameImpl(DispatcherFrame frame)
   at System.Windows.Application.RunDispatcher(Object ignore)
   at System.Windows.Application.RunInternal(Window window)
   at Acczite20.App.Main()
--- End of stack trace from previous location ---

   --- End of inner exception stack trace ---
   --- End of inner exception stack trace ---

