[09:48:29.105] TRACE: App constructor started
[09:48:29.306] TRACE: Registering event subscribers
[09:48:29.307] TRACE: App constructor finished
[09:48:29.311] TRACE: OnStartup started
[09:48:29.312] TRACE: Showing StartupWindow
[09:48:32.138] TRACE: App: Connected to REMOTE Mongo (72.62...). Available DBs: admin, config, local, test
[09:49:02.148] TRACE: App: No LOCAL Mongo found
[09:49:04.362] TRACE: StartupWindow result: True
[09:49:04.362] TRACE: Restoring session
[09:49:04.363] TRACE: Resolving MainWindow
[09:49:04.364] TRACE: MainWindow constructor started
[09:49:04.386] TRACE: MainWindow constructor finished
[09:49:04.387] TRACE: Showing MainWindow
[09:49:04.469] TRACE: MainWindow_Loaded started
[09:49:04.470] TRACE: Applying permissions for role: admin
[09:49:04.472] TRACE: Loading organizations
[09:49:04.482] TRACE: Navigating to DashboardPage
[09:49:04.644] TRACE: MainWindow_Loaded finished
[10:02:35.154] TRACE: App constructor started
[10:02:35.337] TRACE: Registering event subscribers
[10:02:35.338] TRACE: App constructor finished
[10:02:35.341] TRACE: OnStartup started
[10:02:35.343] TRACE: Showing StartupWindow
[10:02:36.215] TRACE: App: Connected to REMOTE Mongo (72.62...). Available DBs: admin, config, local, test
[10:03:06.224] TRACE: App: No LOCAL Mongo found
[10:03:07.569] TRACE: StartupWindow result: True
[10:03:07.570] TRACE: Restoring session
[10:03:07.570] TRACE: Resolving MainWindow
[10:03:07.571] TRACE: MainWindow constructor started
[10:03:07.586] TRACE: MainWindow constructor finished
[10:03:07.586] TRACE: Showing MainWindow
[10:03:07.689] TRACE: MainWindow_Loaded started
[10:03:07.690] TRACE: Applying permissions for role: admin
[10:03:07.693] TRACE: Loading organizations
[10:03:07.700] TRACE: Navigating to DashboardPage
[10:03:07.857] TRACE: MainWindow_Loaded finished
